<?xml version="1.0" encoding="utf-8"?><testsuites name="pytest tests"><testsuite name="pytest" errors="0" failures="1" skipped="0" tests="25" time="5.730" timestamp="2026-05-17T06:07:05.299465+00:00" hostname="agent-env-5db01a57-5428-4466-a87a-d694c808b9c5"><testcase classname="backend.tests.test_backend_api" name="test_root" time="0.351" /><testcase classname="backend.tests.test_backend_api" name="test_admin_login_success" time="0.062" /><testcase classname="backend.tests.test_backend_api" name="test_admin_login_wrong_password" time="0.052" /><testcase classname="backend.tests.test_backend_api" name="test_admin_me_unauthorized" time="0.049"><failure message="assert 200 == 401&#10; +  where 200 = &lt;Response [200]&gt;.status_code">backend/tests/test_backend_api.py:61: in test_admin_me_unauthorized
    assert r.status_code == 401
E   assert 200 == 401
E    +  where 200 = &lt;Response [200]&gt;.status_code</failure></testcase><testcase classname="backend.tests.test_backend_api" name="test_admin_me_with_token" time="0.105" /><testcase classname="backend.tests.test_backend_api" name="test_admin_dashboard" time="0.053" /><testcase classname="backend.tests.test_backend_api" name="test_upload_png" time="0.142" /><testcase classname="backend.tests.test_backend_api" name="test_upload_reject_exe" time="0.049" /><testcase classname="backend.tests.test_backend_api" name="test_upload_reject_oversize" time="0.533" /><testcase classname="backend.tests.test_backend_api" name="test_download_file" time="0.062" /><testcase classname="backend.tests.test_backend_api" name="test_create_quote_returns_reference" time="0.098" /><testcase classname="backend.tests.test_backend_api" name="test_create_quote_invalid_email" time="0.052" /><testcase classname="backend.tests.test_backend_api" name="test_admin_list_quotes" time="0.049" /><testcase classname="backend.tests.test_backend_api" name="test_admin_get_quote_by_ref" time="0.057" /><testcase classname="backend.tests.test_backend_api" name="test_admin_patch_quote_status_and_note" time="0.106" /><testcase classname="backend.tests.test_backend_api" name="test_contact_create_and_admin_read_flow" time="0.164" /><testcase classname="backend.tests.test_backend_api" name="test_subscribe_and_duplicate_silent" time="0.096" /><testcase classname="backend.tests.test_backend_api" name="test_unsubscribe_invalid_token" time="0.047" /><testcase classname="backend.tests.test_backend_api" name="test_public_faqs_returns_eight" time="0.050" /><testcase classname="backend.tests.test_backend_api" name="test_admin_faqs_crud_and_reorder" time="0.259" /><testcase classname="backend.tests.test_backend_api" name="test_admin_blog_crud_and_public_filter" time="0.358" /><testcase classname="backend.tests.test_backend_api" name="test_admin_case_studies_anonymise" time="0.214" /><testcase classname="backend.tests.test_backend_api" name="test_admin_settings_get_and_update" time="0.214" /><testcase classname="backend.tests.test_backend_api" name="test_admin_subscribers_csv_export" time="0.054" /><testcase classname="backend.tests.test_backend_api" name="test_admin_campaign_send_queued_and_duplicate" time="2.325" /></testsuite></testsuites>