<?xml version="1.0" encoding="utf-8"?><testsuites name="pytest tests"><testsuite name="pytest" errors="0" failures="0" skipped="0" tests="7" time="0.969" timestamp="2026-05-17T03:18:59.829538+00:00" hostname="agent-env-5db01a57-5428-4466-a87a-d694c808b9c5"><testcase classname="backend.tests.test_backend_api" name="test_root" time="0.313" /><testcase classname="backend.tests.test_backend_api" name="test_upload_png" time="0.309" /><testcase classname="backend.tests.test_backend_api" name="test_upload_reject_exe" time="0.049" /><testcase classname="backend.tests.test_backend_api" name="test_create_quote_with_files" time="0.060" /><testcase classname="backend.tests.test_backend_api" name="test_list_quotes_no_objectid" time="0.049" /><testcase classname="backend.tests.test_backend_api" name="test_create_quote_invalid_email" time="0.051" /><testcase classname="backend.tests.test_backend_api" name="test_create_contact" time="0.056" /></testsuite></testsuites>